<?xml version="1.0" encoding="UTF-8"?>
<!-- Generated by org.testng.reporters.JUnitReportReporter -->
<testsuite hostname="DESKTOP-6FB4QB4" failures="0" tests="1" name="test.NewDepositTest" time="27.809" errors="0" timestamp="2020-06-19T12:05:32 EDT" skipped="0">
  <testcase classname="test.NewDepositTest" name="UserShouldBeAbleToAddDeposit" time="27.809"/>
  <system-out/>
</testsuite> <!-- test.NewDepositTest -->
